============================= test session starts ==============================
platform linux -- Python 3.12.3, pytest-8.4.2, pluggy-1.6.0 -- /home/manu/.cache/pypoetry/virtualenvs/corposostenibile-suite-0Qzt_L1E-py3.12/bin/python
cachedir: .pytest_cache
rootdir: /home/manu/suite-clinica/backend
configfile: pyproject.toml
plugins: langsmith-0.6.2, Flask-Dance-7.1.0, flask-1.3.0, Faker-37.12.0, cov-4.1.0, anyio-4.12.1
collecting ... collected 325 items

tests/api/test_auth_api.py::TestAuthLogin::test_login_success_with_valid_credentials PASSED [  0%]
tests/api/test_auth_api.py::TestAuthLogin::test_login_with_remember_me PASSED [  0%]
tests/api/test_auth_api.py::TestAuthLogin::test_login_already_authenticated PASSED [  0%]
tests/api/test_auth_api.py::TestAuthLogin::test_login_invalid_email PASSED [  1%]
tests/api/test_auth_api.py::TestAuthLogin::test_login_wrong_password PASSED [  1%]
tests/api/test_auth_api.py::TestAuthLogin::test_login_missing_email PASSED [  1%]
tests/api/test_auth_api.py::TestAuthLogin::test_login_missing_password PASSED [  2%]
tests/api/test_auth_api.py::TestAuthLogin::test_login_empty_body PASSED  [  2%]
tests/api/test_auth_api.py::TestAuthLogin::test_login_inactive_user PASSED [  2%]
tests/api/test_auth_api.py::TestAuthLogin::test_login_case_insensitive_email PASSED [  3%]
tests/api/test_auth_api.py::TestAuthLogin::test_login_user_with_clinical_role PASSED [  3%]
tests/api/test_auth_api.py::TestAuthLogout::test_logout_success PASSED   [  3%]
tests/api/test_auth_api.py::TestAuthLogout::test_logout_not_authenticated PASSED [  4%]
tests/api/test_auth_api.py::TestAuthLogout::test_logout_then_access_protected_endpoint FAILED [  4%]
tests/api/test_auth_api.py::TestAuthMe::test_me_authenticated PASSED     [  4%]
tests/api/test_auth_api.py::TestAuthMe::test_me_not_authenticated PASSED [  4%]
tests/api/test_auth_api.py::TestAuthMe::test_me_user_data_structure PASSED [  5%]
tests/api/test_auth_api.py::TestAuthMe::test_me_impersonation_info PASSED [  5%]
tests/api/test_auth_api.py::TestAuthForgotPassword::test_forgot_password_success PASSED [  5%]
tests/api/test_auth_api.py::TestAuthForgotPassword::test_forgot_password_nonexistent_email PASSED [  6%]
tests/api/test_auth_api.py::TestAuthForgotPassword::test_forgot_password_missing_email FAILED [  6%]
tests/api/test_auth_api.py::TestAuthForgotPassword::test_forgot_password_empty_body FAILED [  6%]
tests/api/test_auth_api.py::TestAuthForgotPassword::test_forgot_password_already_authenticated PASSED [  7%]
tests/api/test_auth_api.py::TestAuthForgotPassword::test_forgot_password_case_insensitive PASSED [  7%]
tests/api/test_auth_api.py::TestAuthVerifyResetToken::test_verify_reset_token_invalid PASSED [  7%]
tests/api/test_auth_api.py::TestAuthVerifyResetToken::test_verify_reset_token_empty FAILED [  8%]
tests/api/test_auth_api.py::TestAuthResetPassword::test_reset_password_invalid_token PASSED [  8%]
tests/api/test_auth_api.py::TestAuthResetPassword::test_reset_password_already_authenticated PASSED [  8%]
tests/api/test_auth_api.py::TestAuthResetPassword::test_reset_password_passwords_mismatch PASSED [  8%]
tests/api/test_auth_api.py::TestAuthResetPassword::test_reset_password_too_short PASSED [  9%]
tests/api/test_auth_api.py::TestAuthResetPassword::test_reset_password_no_uppercase PASSED [  9%]
tests/api/test_auth_api.py::TestAuthResetPassword::test_reset_password_no_number PASSED [  9%]
tests/api/test_auth_api.py::TestAuthResetPassword::test_reset_password_no_special_char PASSED [ 10%]
tests/api/test_auth_api.py::TestAuthImpersonateUsers::test_impersonate_users_admin_success PASSED [ 10%]
tests/api/test_auth_api.py::TestAuthImpersonateUsers::test_impersonate_users_non_admin PASSED [ 10%]
tests/api/test_auth_api.py::TestAuthImpersonateUsers::test_impersonate_users_not_authenticated PASSED [ 11%]
tests/api/test_auth_api.py::TestAuthImpersonateUsers::test_impersonate_users_excludes_inactive PASSED [ 11%]
tests/api/test_auth_api.py::TestAuthImpersonateUsers::test_impersonate_users_excludes_admin PASSED [ 11%]
tests/api/test_auth_api.py::TestAuthImpersonateUsers::test_impersonate_users_user_structure PASSED [ 12%]
tests/api/test_auth_api.py::TestAuthImpersonateUser::test_impersonate_success FAILED [ 12%]
tests/api/test_auth_api.py::TestAuthImpersonateUser::test_impersonate_non_admin PASSED [ 12%]
tests/api/test_auth_api.py::TestAuthImpersonateUser::test_impersonate_not_authenticated FAILED [ 12%]
tests/api/test_auth_api.py::TestAuthImpersonateUser::test_impersonate_nonexistent_user PASSED [ 13%]
tests/api/test_auth_api.py::TestAuthImpersonateUser::test_impersonate_self FAILED [ 13%]
tests/api/test_auth_api.py::TestAuthImpersonateUser::test_impersonate_while_impersonating FAILED [ 13%]
tests/api/test_auth_api.py::TestAuthStopImpersonation::test_stop_impersonation_success FAILED [ 14%]
tests/api/test_auth_api.py::TestAuthStopImpersonation::test_stop_impersonation_not_impersonating PASSED [ 14%]
tests/api/test_auth_api.py::TestAuthStopImpersonation::test_stop_impersonation_not_authenticated PASSED [ 14%]
tests/api/test_auth_api.py::TestAuthStopImpersonation::test_stop_impersonation_returns_to_admin PASSED [ 15%]
tests/api/test_auth_api.py::TestAuthStopImpersonation::test_impersonation_creates_log FAILED [ 15%]
tests/api/test_calendar_api.py::TestCalendarGetEvents::test_get_events_requires_login PASSED [ 15%]
tests/api/test_calendar_api.py::TestCalendarGetEvents::test_get_events_no_google_auth PASSED [ 16%]
tests/api/test_calendar_api.py::TestCalendarGetEvents::test_get_events_with_time_range PASSED [ 16%]
tests/api/test_calendar_api.py::TestCalendarGetEvents::test_get_events_with_date_only_params PASSED [ 16%]
tests/api/test_calendar_api.py::TestCalendarCreateEvent::test_create_event_requires_login PASSED [ 16%]
tests/api/test_calendar_api.py::TestCalendarCreateEvent::test_create_event_no_google_auth PASSED [ 17%]
tests/api/test_calendar_api.py::TestCalendarCreateEvent::test_create_event_missing_required_fields PASSED [ 17%]
tests/api/test_calendar_api.py::TestCalendarGetMeetings::test_get_meetings_requires_login PASSED [ 17%]
tests/api/test_calendar_api.py::TestCalendarGetMeetings::test_get_meetings_customer_not_found PASSED [ 18%]
tests/api/test_calendar_api.py::TestCalendarGetMeetings::test_get_meetings_success PASSED [ 18%]
tests/api/test_calendar_api.py::TestCalendarGetMeetingDetails::test_get_meeting_requires_login PASSED [ 18%]
tests/api/test_calendar_api.py::TestCalendarGetMeetingDetails::test_get_meeting_not_found PASSED [ 19%]
tests/api/test_calendar_api.py::TestCalendarUpdateMeeting::test_update_meeting_requires_login PASSED [ 19%]
tests/api/test_calendar_api.py::TestCalendarUpdateMeeting::test_update_meeting_not_found PASSED [ 19%]
tests/api/test_calendar_api.py::TestCalendarDeleteMeeting::test_delete_meeting_requires_login PASSED [ 20%]
tests/api/test_calendar_api.py::TestCalendarDeleteMeeting::test_delete_meeting_not_found PASSED [ 20%]
tests/api/test_calendar_api.py::TestCalendarDeleteEvent::test_delete_event_requires_login PASSED [ 20%]
tests/api/test_calendar_api.py::TestCalendarDeleteEvent::test_delete_event_no_google_auth PASSED [ 20%]
tests/api/test_calendar_api.py::TestCalendarSyncSingleEvent::test_sync_event_requires_login PASSED [ 21%]
tests/api/test_calendar_api.py::TestCalendarSyncSingleEvent::test_sync_event_missing_event_id PASSED [ 21%]
tests/api/test_calendar_api.py::TestCalendarSyncSingleEvent::test_sync_event_no_google_auth PASSED [ 21%]
tests/api/test_calendar_api.py::TestCalendarConnectionStatus::test_connection_status_requires_login PASSED [ 22%]
tests/api/test_calendar_api.py::TestCalendarConnectionStatus::test_connection_status_no_auth PASSED [ 22%]
tests/api/test_calendar_api.py::TestCalendarConnectionStatus::test_connection_status_success PASSED [ 22%]
tests/api/test_calendar_api.py::TestCalendarTokenRefresh::test_refresh_tokens_requires_admin PASSED [ 23%]
tests/api/test_calendar_api.py::TestCalendarTokenRefresh::test_refresh_tokens_requires_login PASSED [ 23%]
tests/api/test_calendar_api.py::TestCalendarTokenRefresh::test_refresh_tokens_success PASSED [ 23%]
tests/api/test_calendar_api.py::TestCalendarTokenCleanup::test_cleanup_tokens_requires_admin PASSED [ 24%]
tests/api/test_calendar_api.py::TestCalendarTokenCleanup::test_cleanup_tokens_requires_login PASSED [ 24%]
tests/api/test_calendar_api.py::TestCalendarTokenCleanup::test_cleanup_tokens_success PASSED [ 24%]
tests/api/test_calendar_api.py::TestCalendarTokenStatusAdmin::test_tokens_status_requires_admin PASSED [ 24%]
tests/api/test_calendar_api.py::TestCalendarTokenStatusAdmin::test_tokens_status_requires_login PASSED [ 25%]
tests/api/test_calendar_api.py::TestCalendarTokenStatusAdmin::test_tokens_status_success PASSED [ 25%]
tests/api/test_calendar_api.py::TestCalendarTeamUsers::test_team_users_requires_login PASSED [ 25%]
tests/api/test_calendar_api.py::TestCalendarTeamUsers::test_team_users_success PASSED [ 26%]
tests/api/test_calendar_api.py::TestCalendarCustomersSearch::test_customers_search_requires_login PASSED [ 26%]
tests/api/test_calendar_api.py::TestCalendarCustomersSearch::test_customers_search_empty_query PASSED [ 26%]
tests/api/test_calendar_api.py::TestCalendarCustomersSearch::test_customers_search_with_query PASSED [ 27%]
tests/api/test_calendar_api.py::TestCalendarCustomersList::test_customers_list_requires_login PASSED [ 27%]
tests/api/test_calendar_api.py::TestCalendarCustomersList::test_customers_list_success PASSED [ 27%]
tests/api/test_calendar_api.py::TestCalendarCustomerMinimal::test_customer_minimal_requires_login PASSED [ 28%]
tests/api/test_calendar_api.py::TestCalendarCustomerMinimal::test_customer_minimal_not_found PASSED [ 28%]
tests/api/test_calendar_api.py::TestCalendarCustomerMinimal::test_customer_minimal_success PASSED [ 28%]
tests/api/test_calendar_api.py::TestCalendarSchedulerStatus::test_scheduler_status_requires_admin PASSED [ 28%]
tests/api/test_calendar_api.py::TestCalendarSchedulerStatus::test_scheduler_status_requires_login PASSED [ 29%]
tests/api/test_calendar_api.py::TestCalendarSchedulerStatus::test_scheduler_status_success PASSED [ 29%]
tests/api/test_calendar_api.py::TestCalendarAdminRefreshUserToken::test_refresh_user_token_requires_admin PASSED [ 29%]
tests/api/test_calendar_api.py::TestCalendarAdminRefreshUserToken::test_refresh_user_token_requires_login PASSED [ 30%]
tests/api/test_calendar_api.py::TestCalendarAdminRefreshUserToken::test_refresh_user_token_not_found PASSED [ 30%]
tests/api/test_calendar_api.py::TestCalendarAdminRefreshUserToken::test_refresh_user_token_success PASSED [ 30%]
tests/api/test_customers_api.py::TestCustomersListEndpoint::test_list_customers_empty PASSED [ 31%]
tests/api/test_customers_api.py::TestCustomersListEndpoint::test_list_customers_with_data PASSED [ 31%]
tests/api/test_customers_api.py::TestCustomersListEndpoint::test_list_customers_with_search_filter PASSED [ 31%]
tests/api/test_customers_api.py::TestCustomersListEndpoint::test_list_customers_pagination PASSED [ 32%]
tests/api/test_customers_api.py::TestCustomersDetailEndpoint::test_get_customer_not_found PASSED [ 32%]
tests/api/test_customers_api.py::TestCustomersDetailEndpoint::test_get_customer_detail PASSED [ 32%]
tests/api/test_customers_api.py::TestCustomersDetailEndpoint::test_get_customer_requires_auth PASSED [ 32%]
tests/api/test_customers_api.py::TestCustomersCreateEndpoint::test_create_customer_minimal PASSED [ 33%]
tests/api/test_customers_api.py::TestCustomersCreateEndpoint::test_create_customer_full PASSED [ 33%]
tests/api/test_customers_api.py::TestCustomersCreateEndpoint::test_create_customer_requires_auth PASSED [ 33%]
tests/api/test_customers_api.py::TestCustomersUpdateEndpoint::test_update_customer_name PASSED [ 34%]
tests/api/test_customers_api.py::TestCustomersUpdateEndpoint::test_update_customer_email PASSED [ 34%]
tests/api/test_customers_api.py::TestCustomersUpdateEndpoint::test_update_customer_not_found PASSED [ 34%]
tests/api/test_customers_api.py::TestCustomersDeleteEndpoint::test_delete_customer 